2020-07-28 10:42:00,972 - INFO - Started
2020-07-28 10:42:00,973 - INFO - Args OK
2020-07-28 10:42:08,717 - INFO - Browser created
2020-07-28 10:42:08,717 - INFO - Vars filled
2020-07-28 10:42:10,133 - INFO - Go url: http://geoserver:8080/geoserver/web/
2020-07-28 10:42:10,133 - INFO - Went home page
2020-07-28 10:42:12,890 - INFO - Go url: http://geoserver:8080/geoserver/web/wicket/bookmarkable/org.geoserver.web.data.workspace.WorkspacePage
2020-07-28 10:42:12,890 - INFO - Went workspaces page
2020-07-28 10:42:15,612 - INFO - Browser closed
2020-08-06 10:57:36,064 - INFO - Started
2020-08-06 10:57:36,077 - INFO - Args OK
2020-08-06 10:57:44,417 - INFO - Browser created
2020-08-06 10:57:44,417 - INFO - Vars filled
2020-08-06 10:57:46,006 - INFO - Go url: http://geoserver:8080/geoserver/web/
2020-08-06 10:57:46,007 - INFO - Went home page
2020-08-06 10:57:49,003 - INFO - Go url: http://geoserver:8080/geoserver/web/wicket/bookmarkable/org.geoserver.web.data.workspace.WorkspacePage
2020-08-06 10:57:49,003 - INFO - Went workspaces page
2020-08-06 10:57:52,502 - INFO - Browser closed
2020-08-25 13:57:05,295 - INFO - Started
2020-08-25 13:57:05,308 - INFO - Args OK
2020-08-25 13:57:13,265 - INFO - Browser created
2020-08-25 13:57:13,265 - INFO - Vars filled
2020-08-25 13:57:14,829 - INFO - Go url: http://geoserver:8080/geoserver/web/
2020-08-25 13:57:14,829 - INFO - Went home page
2020-08-25 13:57:17,996 - INFO - Go url: http://geoserver:8080/geoserver/web/wicket/bookmarkable/org.geoserver.web.data.workspace.WorkspacePage
2020-08-25 13:57:17,996 - INFO - Went workspaces page
2020-08-25 13:57:21,558 - INFO - Browser closed
2020-09-08 14:23:32,108 - INFO - Started
2020-09-08 14:23:32,115 - INFO - Args OK
2020-09-08 14:23:41,234 - INFO - Browser created
2020-09-08 14:23:41,235 - INFO - Vars filled
2020-09-08 14:23:42,043 - INFO - Go url: http://geoserver:8080/geoserver/web/
2020-09-08 14:23:42,044 - INFO - Went home page
2020-09-08 14:23:44,960 - INFO - Go url: http://geoserver:8080/geoserver/web/wicket/bookmarkable/org.geoserver.web.data.workspace.WorkspacePage
2020-09-08 14:23:44,961 - INFO - Went workspaces page
2020-09-08 14:23:48,162 - INFO - Browser closed
2021-10-20 16:55:15,858 - INFO - Started
2021-10-20 16:55:15,868 - INFO - Args OK
2021-10-20 16:55:24,088 - INFO - Browser created
2021-10-20 16:55:24,088 - INFO - Vars filled
2021-10-20 16:55:24,852 - INFO - Go url: http://geoserver:8080/geoserver/web/
2021-10-20 16:55:24,852 - INFO - Went home page
2021-10-20 16:55:26,583 - INFO - Go url: http://geoserver:8080/geoserver/web/wicket/bookmarkable/org.geoserver.web.data.workspace.WorkspacePage
2021-10-20 16:55:26,583 - INFO - Went workspaces page
2021-10-20 16:55:29,959 - INFO - Browser closed
2022-01-04 11:29:24,421 - INFO - Started
2022-01-04 11:29:24,428 - INFO - Args OK
2022-01-04 11:29:32,036 - INFO - Browser created
2022-01-04 11:29:32,036 - INFO - Vars filled
2022-01-04 11:29:33,437 - INFO - Go url: http://geoserver:8080/geoserver/web/
2022-01-04 11:29:33,438 - INFO - Went home page
2022-01-04 11:29:36,092 - INFO - Go url: http://geoserver:8080/geoserver/web/wicket/bookmarkable/org.geoserver.web.data.workspace.WorkspacePage
2022-01-04 11:29:36,092 - INFO - Went workspaces page
2022-01-04 11:29:38,811 - INFO - Browser closed
2022-02-03 12:23:37,202 - INFO - Started
2022-02-03 12:23:37,213 - INFO - Args OK
2022-02-03 12:23:44,425 - INFO - Browser created
2022-02-03 12:23:44,426 - INFO - Vars filled
2022-02-03 12:23:45,824 - INFO - Go url: http://geoserver:8080/geoserver/web/
2022-02-03 12:23:45,825 - INFO - Went home page
2022-02-03 12:23:48,450 - INFO - Go url: http://geoserver:8080/geoserver/web/wicket/bookmarkable/org.geoserver.web.data.workspace.WorkspacePage
2022-02-03 12:23:48,450 - INFO - Went workspaces page
2022-02-03 12:23:52,139 - INFO - Browser closed
2022-02-03 12:33:57,052 - INFO - Started
2022-02-03 12:33:57,052 - INFO - Args OK
2022-02-03 12:33:58,591 - INFO - Browser created
2022-02-03 12:33:58,591 - INFO - Vars filled
2022-02-03 12:33:59,714 - INFO - Go url: http://geoserver:8080/geoserver/web/
2022-02-03 12:33:59,714 - INFO - Went home page
2022-02-03 12:34:02,298 - INFO - Go url: http://geoserver:8080/geoserver/web/wicket/bookmarkable/org.geoserver.web.data.workspace.WorkspacePage
2022-02-03 12:34:02,298 - INFO - Went workspaces page
2022-02-03 12:34:05,355 - INFO - Browser closed
2022-02-03 12:41:15,560 - INFO - Started
2022-02-03 12:41:15,560 - INFO - Args OK
2022-02-03 12:41:16,829 - INFO - Browser created
2022-02-03 12:41:16,829 - INFO - Vars filled
2022-02-03 12:41:17,890 - INFO - Go url: http://geoserver:8080/geoserver/web/
2022-02-03 12:41:17,890 - INFO - Went home page
2022-02-03 12:41:20,379 - INFO - Go url: http://geoserver:8080/geoserver/web/wicket/bookmarkable/org.geoserver.web.data.workspace.WorkspacePage
2022-02-03 12:41:20,380 - INFO - Went workspaces page
2022-02-03 12:41:23,555 - INFO - Browser closed
2022-02-03 16:57:48,605 - INFO - Started
2022-02-03 16:57:48,606 - INFO - Args OK
2022-02-03 16:57:48,910 - INFO - Browser created
2022-02-03 16:57:48,911 - INFO - Vars filled
2022-02-03 16:57:49,853 - INFO - Go url: http://geoserver:8080/geoserver/web/
2022-02-03 16:57:49,853 - INFO - Went home page
2022-02-03 16:57:52,338 - INFO - Go url: http://geoserver:8080/geoserver/web/wicket/bookmarkable/org.geoserver.web.data.workspace.WorkspacePage
2022-02-03 16:57:52,339 - INFO - Went workspaces page
2022-02-03 16:57:55,644 - INFO - Browser closed
2022-02-04 11:37:07,396 - INFO - Started
2022-02-04 11:37:07,397 - INFO - Args OK
2022-02-04 11:37:10,015 - INFO - Browser created
2022-02-04 11:37:10,015 - INFO - Vars filled
2022-02-04 11:37:11,029 - INFO - Go url: http://geoserver:8080/geoserver/web/
2022-02-04 11:37:11,029 - INFO - Went home page
2022-02-04 11:37:13,656 - INFO - Go url: http://geoserver:8080/geoserver/web/wicket/bookmarkable/org.geoserver.web.data.workspace.WorkspacePage
2022-02-04 11:37:13,656 - INFO - Went workspaces page
2022-02-04 11:37:16,576 - INFO - Browser closed
2022-02-04 14:30:19,718 - INFO - Started
2022-02-04 14:30:19,718 - INFO - Args OK
2022-02-04 14:30:20,306 - INFO - Browser created
2022-02-04 14:30:20,306 - INFO - Vars filled
2022-02-04 14:30:21,257 - INFO - Go url: http://geoserver:8080/geoserver/web/
2022-02-04 14:30:21,257 - INFO - Went home page
2022-02-04 14:30:23,762 - INFO - Go url: http://geoserver:8080/geoserver/web/wicket/bookmarkable/org.geoserver.web.data.workspace.WorkspacePage
2022-02-04 14:30:23,763 - INFO - Went workspaces page
2022-02-04 14:30:26,918 - INFO - Browser closed
2022-02-04 14:58:24,287 - INFO - Started
2022-02-04 14:58:24,288 - INFO - Args OK
2022-02-04 14:58:25,579 - INFO - Browser created
2022-02-04 14:58:25,579 - INFO - Vars filled
2022-02-04 14:58:26,544 - INFO - Go url: http://geoserver:8080/geoserver/web/
2022-02-04 14:58:26,544 - INFO - Went home page
2022-02-04 14:58:28,978 - INFO - Go url: http://geoserver:8080/geoserver/web/wicket/bookmarkable/org.geoserver.web.data.workspace.WorkspacePage
2022-02-04 14:58:28,978 - INFO - Went workspaces page
2022-02-04 14:58:32,112 - INFO - Browser closed
2022-02-04 15:47:38,956 - INFO - Started
2022-02-04 15:47:38,957 - INFO - Args OK
2022-02-04 15:47:40,205 - INFO - Browser created
2022-02-04 15:47:40,206 - INFO - Vars filled
2022-02-04 15:47:42,249 - INFO - Go url: http://geoserver:8080/geoserver/web/
2022-02-04 15:47:42,250 - INFO - Went home page
2022-02-04 15:47:44,804 - INFO - Go url: http://geoserver:8080/geoserver/web/wicket/bookmarkable/org.geoserver.web.data.workspace.WorkspacePage
2022-02-04 15:47:44,804 - INFO - Went workspaces page
2022-02-04 15:47:48,267 - INFO - Browser closed
2022-02-04 16:03:12,645 - INFO - Started
2022-02-04 16:03:12,645 - INFO - Args OK
2022-02-04 16:03:14,164 - INFO - Browser created
2022-02-04 16:03:14,164 - INFO - Vars filled
2022-02-04 16:03:15,131 - INFO - Go url: http://geoserver:8080/geoserver/web/
2022-02-04 16:03:15,131 - INFO - Went home page
2022-02-04 16:03:17,623 - INFO - Go url: http://geoserver:8080/geoserver/web/wicket/bookmarkable/org.geoserver.web.data.workspace.WorkspacePage
2022-02-04 16:03:17,623 - INFO - Went workspaces page
2022-02-04 16:03:20,336 - INFO - Browser closed
2022-02-04 17:20:11,833 - INFO - Started
2022-02-04 17:20:11,833 - INFO - Args OK
2022-02-04 17:20:13,073 - INFO - Browser created
2022-02-04 17:20:13,073 - INFO - Vars filled
2022-02-04 17:20:14,218 - INFO - Go url: http://geoserver:8080/geoserver/web/
2022-02-04 17:20:14,218 - INFO - Went home page
2022-02-04 17:20:17,147 - INFO - Go url: http://geoserver:8080/geoserver/web/wicket/bookmarkable/org.geoserver.web.data.workspace.WorkspacePage
2022-02-04 17:20:17,147 - INFO - Went workspaces page
2022-02-04 17:20:20,535 - INFO - Browser closed
2022-02-08 15:57:44,927 - INFO - Started
2022-02-08 15:57:44,928 - INFO - Args OK
2022-02-08 15:57:49,236 - INFO - Browser created
2022-02-08 15:57:49,236 - INFO - Vars filled
2022-02-08 15:57:50,883 - INFO - Go url: http://geoserver:8080/geoserver/web/
2022-02-08 15:57:50,883 - INFO - Went home page
2022-02-08 15:57:53,906 - INFO - Go url: http://geoserver:8080/geoserver/web/wicket/bookmarkable/org.geoserver.web.data.workspace.WorkspacePage
2022-02-08 15:57:53,906 - INFO - Went workspaces page
2022-02-08 15:57:57,447 - INFO - Browser closed
2022-02-09 09:57:35,055 - INFO - Started
2022-02-09 09:57:35,055 - INFO - Args OK
2022-02-09 09:57:37,621 - INFO - Browser created
2022-02-09 09:57:37,622 - INFO - Vars filled
2022-02-09 09:57:38,609 - INFO - Go url: http://geoserver:8080/geoserver/web/
2022-02-09 09:57:38,609 - INFO - Went home page
2022-02-09 09:57:41,093 - INFO - Go url: http://geoserver:8080/geoserver/web/wicket/bookmarkable/org.geoserver.web.data.workspace.WorkspacePage
2022-02-09 09:57:41,093 - INFO - Went workspaces page
2022-02-09 09:57:43,807 - INFO - Browser closed
2022-02-09 17:09:06,066 - INFO - Started
2022-02-09 17:09:06,066 - INFO - Args OK
2022-02-09 17:09:08,804 - INFO - Browser created
2022-02-09 17:09:08,804 - INFO - Vars filled
2022-02-09 17:09:10,115 - INFO - Go url: http://geoserver:8080/geoserver/web/
2022-02-09 17:09:10,115 - INFO - Went home page
2022-02-09 17:09:12,713 - INFO - Go url: http://geoserver:8080/geoserver/web/wicket/bookmarkable/org.geoserver.web.data.workspace.WorkspacePage
2022-02-09 17:09:12,713 - INFO - Went workspaces page
2022-02-09 17:09:15,766 - INFO - Browser closed
2022-02-10 12:38:39,348 - INFO - Started
2022-02-10 12:38:39,350 - INFO - Args OK
2022-02-10 12:38:44,211 - INFO - Browser created
2022-02-10 12:38:44,211 - INFO - Vars filled
2022-02-10 12:38:45,969 - INFO - Go url: http://geoserver:8080/geoserver/web/
2022-02-10 12:38:45,969 - INFO - Went home page
2022-02-10 12:38:49,121 - INFO - Go url: http://geoserver:8080/geoserver/web/wicket/bookmarkable/org.geoserver.web.data.workspace.WorkspacePage
2022-02-10 12:38:49,122 - INFO - Went workspaces page
2022-02-10 12:38:52,556 - INFO - Browser closed
2022-02-14 09:03:59,891 - INFO - Started
2022-02-14 09:03:59,894 - INFO - Args OK
2022-02-14 09:04:05,475 - INFO - Browser created
2022-02-14 09:04:05,475 - INFO - Vars filled
2022-02-14 09:04:06,867 - INFO - Go url: http://geoserver:8080/geoserver/web/
2022-02-14 09:04:06,867 - INFO - Went home page
2022-02-14 09:04:09,456 - INFO - Go url: http://geoserver:8080/geoserver/web/wicket/bookmarkable/org.geoserver.web.data.workspace.WorkspacePage
2022-02-14 09:04:09,456 - INFO - Went workspaces page
2022-02-14 09:04:12,580 - INFO - Browser closed
2022-02-23 16:55:37,049 - INFO - Started
2022-02-23 16:55:37,055 - INFO - Args OK
2022-02-23 16:55:43,565 - INFO - Browser created
2022-02-23 16:55:43,566 - INFO - Vars filled
2022-02-23 16:55:45,513 - INFO - Go url: http://geoserver:8080/geoserver/web/
2022-02-23 16:55:45,513 - INFO - Went home page
2022-02-23 16:55:48,674 - INFO - Go url: http://geoserver:8080/geoserver/web/wicket/bookmarkable/org.geoserver.web.data.workspace.WorkspacePage
2022-02-23 16:55:48,675 - INFO - Went workspaces page
2022-02-23 16:55:51,856 - INFO - Browser closed
2022-02-23 17:10:06,870 - INFO - Started
2022-02-23 17:10:06,870 - INFO - Args OK
2022-02-23 17:10:08,446 - INFO - Browser created
2022-02-23 17:10:08,446 - INFO - Vars filled
2022-02-23 17:10:09,837 - INFO - Go url: http://geoserver:8080/geoserver/web/
2022-02-23 17:10:09,837 - INFO - Went home page
2022-02-23 17:10:12,698 - INFO - Go url: http://geoserver:8080/geoserver/web/wicket/bookmarkable/org.geoserver.web.data.workspace.WorkspacePage
2022-02-23 17:10:12,699 - INFO - Went workspaces page
2022-02-23 17:10:16,004 - INFO - Browser closed
2022-02-23 17:18:48,134 - INFO - Started
2022-02-23 17:18:48,134 - INFO - Args OK
2022-02-23 17:18:48,527 - INFO - Browser created
2022-02-23 17:18:48,527 - INFO - Vars filled
2022-02-23 17:18:49,505 - INFO - Go url: http://geoserver:8080/geoserver/web/
2022-02-23 17:18:49,505 - INFO - Went home page
2022-02-23 17:18:51,986 - INFO - Go url: http://geoserver:8080/geoserver/web/wicket/bookmarkable/org.geoserver.web.data.workspace.WorkspacePage
2022-02-23 17:18:51,986 - INFO - Went workspaces page
2022-02-23 17:18:55,217 - INFO - Browser closed
2022-02-24 08:57:09,307 - INFO - Started
2022-02-24 08:57:09,307 - INFO - Args OK
2022-02-24 08:57:09,661 - INFO - Browser created
2022-02-24 08:57:09,661 - INFO - Vars filled
2022-02-24 08:57:10,645 - INFO - Go url: http://geoserver:8080/geoserver/web/
2022-02-24 08:57:10,645 - INFO - Went home page
2022-02-24 08:57:13,125 - INFO - Go url: http://geoserver:8080/geoserver/web/wicket/bookmarkable/org.geoserver.web.data.workspace.WorkspacePage
2022-02-24 08:57:13,125 - INFO - Went workspaces page
2022-02-24 08:57:16,027 - INFO - Browser closed
2022-02-24 09:14:17,594 - INFO - Started
2022-02-24 09:14:17,594 - INFO - Args OK
2022-02-24 09:14:18,974 - INFO - Browser created
2022-02-24 09:14:18,975 - INFO - Vars filled
2022-02-24 09:14:20,115 - INFO - Go url: http://geoserver:8080/geoserver/web/
2022-02-24 09:14:20,116 - INFO - Went home page
2022-02-24 09:14:22,878 - INFO - Go url: http://geoserver:8080/geoserver/web/wicket/bookmarkable/org.geoserver.web.data.workspace.WorkspacePage
2022-02-24 09:14:22,879 - INFO - Went workspaces page
2022-02-24 09:14:25,876 - INFO - Browser closed
2022-02-24 11:36:23,493 - INFO - Started
2022-02-24 11:36:23,494 - INFO - Args OK
2022-02-24 11:36:25,136 - INFO - Browser created
2022-02-24 11:36:25,136 - INFO - Vars filled
2022-02-24 11:36:26,147 - INFO - Go url: http://geoserver:8080/geoserver/web/
2022-02-24 11:36:26,148 - INFO - Went home page
2022-02-24 11:36:28,672 - INFO - Go url: http://geoserver:8080/geoserver/web/wicket/bookmarkable/org.geoserver.web.data.workspace.WorkspacePage
2022-02-24 11:36:28,672 - INFO - Went workspaces page
2022-02-24 11:36:31,629 - INFO - Browser closed
2022-02-24 11:37:57,919 - INFO - Started
2022-02-24 11:37:57,919 - INFO - Args OK
2022-02-24 11:37:59,178 - INFO - Browser created
2022-02-24 11:37:59,179 - INFO - Vars filled
2022-02-24 11:38:00,159 - INFO - Go url: http://geoserver:8080/geoserver/web/
2022-02-24 11:38:00,159 - INFO - Went home page
2022-02-24 11:38:02,861 - INFO - Go url: http://geoserver:8080/geoserver/web/wicket/bookmarkable/org.geoserver.web.data.workspace.WorkspacePage
2022-02-24 11:38:02,862 - INFO - Went workspaces page
2022-02-24 11:38:06,133 - INFO - Browser closed
2022-02-24 12:37:41,478 - INFO - Started
2022-02-24 12:37:41,478 - INFO - Args OK
2022-02-24 12:37:43,154 - INFO - Browser created
2022-02-24 12:37:43,154 - INFO - Vars filled
2022-02-24 12:37:44,220 - INFO - Go url: http://geoserver:8080/geoserver/web/
2022-02-24 12:37:44,220 - INFO - Went home page
2022-02-24 12:37:46,870 - INFO - Go url: http://geoserver:8080/geoserver/web/wicket/bookmarkable/org.geoserver.web.data.workspace.WorkspacePage
2022-02-24 12:37:46,871 - INFO - Went workspaces page
2022-02-24 12:37:49,644 - INFO - Browser closed
2022-02-24 14:45:55,179 - INFO - Started
2022-02-24 14:45:55,179 - INFO - Args OK
2022-02-24 14:46:00,291 - INFO - Browser created
2022-02-24 14:46:00,291 - INFO - Vars filled
2022-02-24 14:46:01,423 - INFO - Go url: http://geoserver:8080/geoserver/web/
2022-02-24 14:46:01,423 - INFO - Went home page
2022-02-24 14:46:04,089 - INFO - Go url: http://geoserver:8080/geoserver/web/wicket/bookmarkable/org.geoserver.web.data.workspace.WorkspacePage
2022-02-24 14:46:04,089 - INFO - Went workspaces page
2022-02-24 14:46:07,218 - INFO - Browser closed
2022-02-24 15:23:05,705 - INFO - Started
2022-02-24 15:23:05,705 - INFO - Args OK
2022-02-24 15:23:07,205 - INFO - Browser created
2022-02-24 15:23:07,206 - INFO - Vars filled
2022-02-24 15:23:08,328 - INFO - Go url: http://geoserver:8080/geoserver/web/
2022-02-24 15:23:08,328 - INFO - Went home page
2022-02-24 15:23:10,967 - INFO - Go url: http://geoserver:8080/geoserver/web/wicket/bookmarkable/org.geoserver.web.data.workspace.WorkspacePage
2022-02-24 15:23:10,967 - INFO - Went workspaces page
2022-02-24 15:23:13,843 - INFO - Browser closed
2022-02-24 15:34:39,140 - INFO - Started
2022-02-24 15:34:39,140 - INFO - Args OK
2022-02-24 15:34:40,625 - INFO - Browser created
2022-02-24 15:34:40,626 - INFO - Vars filled
2022-02-24 15:34:41,622 - INFO - Go url: http://geoserver:8080/geoserver/web/
2022-02-24 15:34:41,622 - INFO - Went home page
2022-02-24 15:34:44,263 - INFO - Go url: http://geoserver:8080/geoserver/web/wicket/bookmarkable/org.geoserver.web.data.workspace.WorkspacePage
2022-02-24 15:34:44,263 - INFO - Went workspaces page
2022-02-24 15:34:47,077 - INFO - Browser closed
2022-04-05 09:00:29,311 - INFO - Started
2022-04-05 09:00:29,315 - INFO - Args OK
2022-04-05 09:00:36,798 - INFO - Browser created
2022-04-05 09:00:36,799 - INFO - Vars filled
2022-04-05 09:00:38,670 - INFO - Go url: http://geoserver:8080/geoserver/web/
2022-04-05 09:00:38,670 - INFO - Went home page
2022-04-05 09:00:41,564 - INFO - Go url: http://geoserver:8080/geoserver/web/wicket/bookmarkable/org.geoserver.web.data.workspace.WorkspacePage
2022-04-05 09:00:41,564 - INFO - Went workspaces page
2022-04-05 09:00:45,855 - INFO - Browser closed
2022-04-06 15:24:28,754 - INFO - Started
2022-04-06 15:24:28,756 - INFO - Args OK
2022-04-06 15:24:37,815 - INFO - Browser created
2022-04-06 15:24:37,815 - INFO - Vars filled
2022-04-06 15:24:39,712 - INFO - Go url: http://geoserver:8080/geoserver/web/
2022-04-06 15:24:39,712 - INFO - Went home page
2022-04-06 15:24:43,097 - INFO - Go url: http://geoserver:8080/geoserver/web/wicket/bookmarkable/org.geoserver.web.data.workspace.WorkspacePage
2022-04-06 15:24:43,097 - INFO - Went workspaces page
2022-04-06 15:24:47,487 - INFO - Browser closed
2022-04-06 15:50:30,800 - INFO - Started
2022-04-06 15:50:30,800 - INFO - Args OK
2022-04-06 15:50:32,066 - INFO - Browser created
2022-04-06 15:50:32,066 - INFO - Vars filled
2022-04-06 15:50:32,537 - INFO - Go url: http://geoserver:8080/geoserver/web/
2022-04-06 15:50:32,537 - INFO - Went home page
2022-04-06 15:50:35,173 - INFO - Go url: http://geoserver:8080/geoserver/web/wicket/bookmarkable/org.geoserver.web.data.workspace.WorkspacePage
2022-04-06 15:50:35,173 - INFO - Went workspaces page
2022-04-06 15:50:39,373 - INFO - Browser closed
2022-04-06 16:13:54,561 - INFO - Started
2022-04-06 16:13:54,561 - INFO - Args OK
2022-04-06 16:13:54,798 - INFO - Browser created
2022-04-06 16:13:54,798 - INFO - Vars filled
2022-04-06 16:13:55,405 - INFO - Go url: http://geoserver:8080/geoserver/web/
2022-04-06 16:13:55,405 - INFO - Went home page
2022-04-06 16:13:58,140 - INFO - Go url: http://geoserver:8080/geoserver/web/wicket/bookmarkable/org.geoserver.web.data.workspace.WorkspacePage
2022-04-06 16:13:58,140 - INFO - Went workspaces page
2022-04-06 16:14:02,182 - INFO - Browser closed
2022-04-06 16:26:57,157 - INFO - Started
2022-04-06 16:26:57,157 - INFO - Args OK
2022-04-06 16:26:57,532 - INFO - Browser created
2022-04-06 16:26:57,532 - INFO - Vars filled
2022-04-06 16:26:58,054 - INFO - Go url: http://geoserver:8080/geoserver/web/
2022-04-06 16:26:58,054 - INFO - Went home page
2022-04-06 16:27:00,743 - INFO - Go url: http://geoserver:8080/geoserver/web/wicket/bookmarkable/org.geoserver.web.data.workspace.WorkspacePage
2022-04-06 16:27:00,743 - INFO - Went workspaces page
2022-04-06 16:27:04,807 - INFO - Browser closed
2022-04-06 16:33:22,290 - INFO - Started
2022-04-06 16:33:22,290 - INFO - Args OK
2022-04-06 16:33:23,527 - INFO - Browser created
2022-04-06 16:33:23,527 - INFO - Vars filled
2022-04-06 16:33:24,208 - INFO - Go url: http://geoserver:8080/geoserver/web/
2022-04-06 16:33:24,208 - INFO - Went home page
2022-04-06 16:33:26,961 - INFO - Go url: http://geoserver:8080/geoserver/web/wicket/bookmarkable/org.geoserver.web.data.workspace.WorkspacePage
2022-04-06 16:33:26,961 - INFO - Went workspaces page
2022-04-06 16:33:30,953 - INFO - Browser closed
2022-04-07 10:45:34,492 - INFO - Started
2022-04-07 10:45:34,500 - INFO - Args OK
2022-04-07 10:45:42,231 - INFO - Browser created
2022-04-07 10:45:42,231 - INFO - Vars filled
2022-04-07 10:45:43,801 - INFO - Go url: http://geoserver:8080/geoserver/web/
2022-04-07 10:45:43,802 - INFO - Went home page
2022-04-07 10:45:46,670 - INFO - Go url: http://geoserver:8080/geoserver/web/wicket/bookmarkable/org.geoserver.web.data.workspace.WorkspacePage
2022-04-07 10:45:46,670 - INFO - Went workspaces page
2022-04-07 10:45:51,184 - INFO - Browser closed
